mode: set
github.com/aether-arb/aether/internal/db/ledger.go:79.29,80.25 1 1
github.com/aether-arb/aether/internal/db/ledger.go:80.25,83.3 1 1
github.com/aether-arb/aether/internal/db/ledger.go:84.2,84.21 1 1
github.com/aether-arb/aether/internal/db/ledger.go:87.50,87.51 0 1
github.com/aether-arb/aether/internal/db/ledger.go:88.50,88.51 0 1
github.com/aether-arb/aether/internal/db/ledger.go:89.50,89.51 0 1
github.com/aether-arb/aether/internal/db/ledger.go:121.45,123.2 1 1
github.com/aether-arb/aether/internal/db/ledger.go:129.65,137.2 4 1
github.com/aether-arb/aether/internal/db/ledger_pg.go:73.102,75.16 2 1
github.com/aether-arb/aether/internal/db/ledger_pg.go:75.16,77.3 1 1
github.com/aether-arb/aether/internal/db/ledger_pg.go:78.2,84.16 6 1
github.com/aether-arb/aether/internal/db/ledger_pg.go:84.16,86.3 1 0
github.com/aether-arb/aether/internal/db/ledger_pg.go:87.2,87.46 1 1
github.com/aether-arb/aether/internal/db/ledger_pg.go:87.46,90.3 2 1
github.com/aether-arb/aether/internal/db/ledger_pg.go:97.2,112.15 6 1
github.com/aether-arb/aether/internal/db/ledger_pg.go:120.28,123.12 3 1
github.com/aether-arb/aether/internal/db/ledger_pg.go:123.12,126.3 2 1
github.com/aether-arb/aether/internal/db/ledger_pg.go:127.2,127.9 1 1
github.com/aether-arb/aether/internal/db/ledger_pg.go:128.14,128.14 0 1
github.com/aether-arb/aether/internal/db/ledger_pg.go:130.45,137.10 3 1
github.com/aether-arb/aether/internal/db/ledger_pg.go:138.15,138.15 0 0
github.com/aether-arb/aether/internal/db/ledger_pg.go:139.47,139.47 0 1
github.com/aether-arb/aether/internal/db/ledger_pg.go:142.2,142.16 1 1
github.com/aether-arb/aether/internal/db/ledger_pg.go:145.46,147.2 1 1
github.com/aether-arb/aether/internal/db/ledger_pg.go:149.52,151.2 1 1
github.com/aether-arb/aether/internal/db/ledger_pg.go:153.52,155.2 1 1
github.com/aether-arb/aether/internal/db/ledger_pg.go:165.41,167.9 2 1
github.com/aether-arb/aether/internal/db/ledger_pg.go:168.18,168.18 0 1
github.com/aether-arb/aether/internal/db/ledger_pg.go:169.10,175.38 3 1
github.com/aether-arb/aether/internal/db/ledger_pg.go:182.50,193.23 6 1
github.com/aether-arb/aether/internal/db/ledger_pg.go:193.23,195.10 2 1
github.com/aether-arb/aether/internal/db/ledger_pg.go:196.26,196.26 0 1
github.com/aether-arb/aether/internal/db/ledger_pg.go:197.21,198.10 1 1
github.com/aether-arb/aether/internal/db/ledger_pg.go:200.3,201.24 2 1
github.com/aether-arb/aether/internal/db/ledger_pg.go:201.24,203.17 2 1
github.com/aether-arb/aether/internal/db/ledger_pg.go:203.17,203.26 1 1
github.com/aether-arb/aether/internal/db/ledger_pg.go:204.4,204.21 1 1
github.com/aether-arb/aether/internal/db/ledger_pg.go:209.61,212.17 3 1
github.com/aether-arb/aether/internal/db/ledger_pg.go:213.23,214.44 1 1
github.com/aether-arb/aether/internal/db/ledger_pg.go:215.26,216.45 1 1
github.com/aether-arb/aether/internal/db/ledger_pg.go:217.26,218.43 1 1
github.com/aether-arb/aether/internal/db/ledger_pg.go:219.10,220.45 1 1
github.com/aether-arb/aether/internal/db/ledger_pg.go:222.2,224.16 3 1
github.com/aether-arb/aether/internal/db/ledger_pg.go:224.16,232.3 3 1
github.com/aether-arb/aether/internal/db/ledger_pg.go:233.2,233.60 1 1
github.com/aether-arb/aether/internal/db/ledger_pg.go:236.79,238.22 2 1
github.com/aether-arb/aether/internal/db/ledger_pg.go:238.22,241.3 2 1
github.com/aether-arb/aether/internal/db/ledger_pg.go:246.2,247.16 2 1
github.com/aether-arb/aether/internal/db/ledger_pg.go:247.16,249.3 1 0
github.com/aether-arb/aether/internal/db/ledger_pg.go:250.2,262.12 2 1
github.com/aether-arb/aether/internal/db/ledger_pg.go:265.85,267.28 2 1
github.com/aether-arb/aether/internal/db/ledger_pg.go:267.28,270.3 2 1
github.com/aether-arb/aether/internal/db/ledger_pg.go:271.2,272.27 2 1
github.com/aether-arb/aether/internal/db/ledger_pg.go:272.27,275.3 1 1
github.com/aether-arb/aether/internal/db/ledger_pg.go:276.2,291.12 2 1
github.com/aether-arb/aether/internal/db/ledger_pg.go:294.85,318.2 5 1
github.com/aether-arb/aether/internal/db/ledger_pg.go:323.40,324.14 1 1
github.com/aether-arb/aether/internal/db/ledger_pg.go:324.14,326.3 1 1
github.com/aether-arb/aether/internal/db/ledger_pg.go:327.2,327.19 1 1
github.com/aether-arb/aether/internal/db/ledger_pg.go:334.92,335.23 1 1
github.com/aether-arb/aether/internal/db/ledger_pg.go:335.23,337.3 1 1
github.com/aether-arb/aether/internal/db/ledger_pg.go:338.2,339.16 2 1
github.com/aether-arb/aether/internal/db/ledger_pg.go:339.16,345.3 2 1
github.com/aether-arb/aether/internal/db/ledger_pg.go:346.2,346.11 1 1
github.com/aether-arb/aether/internal/db/mempool_reconciliation_metrics.go:39.95,61.2 3 1
github.com/aether-arb/aether/internal/db/mempool_reconciliation_pg.go:126.37,128.16 2 1
github.com/aether-arb/aether/internal/db/mempool_reconciliation_pg.go:128.16,130.3 1 1
github.com/aether-arb/aether/internal/db/mempool_reconciliation_pg.go:131.2,137.16 6 1
github.com/aether-arb/aether/internal/db/mempool_reconciliation_pg.go:137.16,139.3 1 0
github.com/aether-arb/aether/internal/db/mempool_reconciliation_pg.go:140.2,140.46 1 1
github.com/aether-arb/aether/internal/db/mempool_reconciliation_pg.go:140.46,143.3 2 1
github.com/aether-arb/aether/internal/db/mempool_reconciliation_pg.go:145.2,159.15 6 1
github.com/aether-arb/aether/internal/db/mempool_reconciliation_pg.go:165.43,168.12 3 1
github.com/aether-arb/aether/internal/db/mempool_reconciliation_pg.go:168.12,171.3 2 1
github.com/aether-arb/aether/internal/db/mempool_reconciliation_pg.go:172.2,172.9 1 1
github.com/aether-arb/aether/internal/db/mempool_reconciliation_pg.go:173.14,173.14 0 1
github.com/aether-arb/aether/internal/db/mempool_reconciliation_pg.go:175.44,180.10 3 1
github.com/aether-arb/aether/internal/db/mempool_reconciliation_pg.go:181.15,181.15 0 0
github.com/aether-arb/aether/internal/db/mempool_reconciliation_pg.go:182.46,182.46 0 1
github.com/aether-arb/aether/internal/db/mempool_reconciliation_pg.go:185.2,185.16 1 1
github.com/aether-arb/aether/internal/db/mempool_reconciliation_pg.go:197.36,209.93 3 1
github.com/aether-arb/aether/internal/db/mempool_reconciliation_pg.go:209.93,210.36 1 1
github.com/aether-arb/aether/internal/db/mempool_reconciliation_pg.go:210.36,212.4 1 1
github.com/aether-arb/aether/internal/db/mempool_reconciliation_pg.go:213.3,213.78 1 1
github.com/aether-arb/aether/internal/db/mempool_reconciliation_pg.go:215.2,216.26 2 1
github.com/aether-arb/aether/internal/db/mempool_reconciliation_pg.go:216.26,220.3 3 1
github.com/aether-arb/aether/internal/db/mempool_reconciliation_pg.go:221.2,221.24 1 1
github.com/aether-arb/aether/internal/db/mempool_reconciliation_pg.go:226.79,228.9 2 1
github.com/aether-arb/aether/internal/db/mempool_reconciliation_pg.go:229.19,229.19 0 1
github.com/aether-arb/aether/internal/db/mempool_reconciliation_pg.go:230.10,236.27 3 1
github.com/aether-arb/aether/internal/db/mempool_reconciliation_pg.go:252.18,254.16 2 1
github.com/aether-arb/aether/internal/db/mempool_reconciliation_pg.go:254.16,256.3 1 1
github.com/aether-arb/aether/internal/db/mempool_reconciliation_pg.go:261.2,275.16 3 1
github.com/aether-arb/aether/internal/db/mempool_reconciliation_pg.go:275.16,277.3 1 1
github.com/aether-arb/aether/internal/db/mempool_reconciliation_pg.go:278.2,279.14 2 1
github.com/aether-arb/aether/internal/db/mempool_reconciliation_pg.go:279.14,281.3 1 1
github.com/aether-arb/aether/internal/db/mempool_reconciliation_pg.go:282.2,282.18 1 1
github.com/aether-arb/aether/internal/db/mempool_reconciliation_pg.go:285.65,287.24 2 1
github.com/aether-arb/aether/internal/db/mempool_reconciliation_pg.go:287.24,289.23 2 1
github.com/aether-arb/aether/internal/db/mempool_reconciliation_pg.go:289.23,292.12 1 1
github.com/aether-arb/aether/internal/db/mempool_reconciliation_pg.go:294.3,298.17 5 1
github.com/aether-arb/aether/internal/db/mempool_reconciliation_pg.go:298.17,305.4 2 1
github.com/aether-arb/aether/internal/db/mempool_reconciliation_pg.go:305.9,307.4 1 1
github.com/aether-arb/aether/internal/db/mempool_reconciliation_pg.go:308.3,308.70 1 1
github.com/aether-arb/aether/internal/db/mempool_reconciliation_pg.go:310.2,310.84 1 1
github.com/aether-arb/aether/internal/db/mempool_reconciliation_pg.go:316.9,322.34 2 1
github.com/aether-arb/aether/internal/db/mempool_reconciliation_pg.go:322.34,325.3 2 1
github.com/aether-arb/aether/internal/db/mempool_reconciliation_pg.go:326.2,326.27 1 1
github.com/aether-arb/aether/internal/db/mempool_reconciliation_pg.go:326.27,328.3 1 1
github.com/aether-arb/aether/internal/db/mempool_reconciliation_pg.go:329.2,329.33 1 1
github.com/aether-arb/aether/internal/db/mempool_reconciliation_pg.go:329.33,331.3 1 1
github.com/aether-arb/aether/internal/db/mempool_reconciliation_pg.go:332.2,351.12 2 1
github.com/aether-arb/aether/internal/db/metrics.go:39.40,40.30 1 1
github.com/aether-arb/aether/internal/db/metrics.go:40.30,62.3 3 1
github.com/aether-arb/aether/internal/db/metrics.go:63.2,63.31 1 1
github.com/aether-arb/aether/internal/db/migrate.go:25.56,26.17 1 1
github.com/aether-arb/aether/internal/db/migrate.go:26.17,28.3 1 1
github.com/aether-arb/aether/internal/db/migrate.go:29.2,30.16 2 1
github.com/aether-arb/aether/internal/db/migrate.go:30.16,32.3 1 0
github.com/aether-arb/aether/internal/db/migrate.go:33.2,33.40 1 1
github.com/aether-arb/aether/internal/db/migrate.go:33.40,35.3 1 1
github.com/aether-arb/aether/internal/db/migrate.go:37.2,41.16 4 1
github.com/aether-arb/aether/internal/db/migrate.go:41.16,43.3 1 1
github.com/aether-arb/aether/internal/db/migrate.go:44.2,46.57 2 1
github.com/aether-arb/aether/internal/db/migrate.go:46.57,48.3 1 0
github.com/aether-arb/aether/internal/db/migrate.go:50.2,51.16 2 1
github.com/aether-arb/aether/internal/db/migrate.go:51.16,53.3 1 1
github.com/aether-arb/aether/internal/db/migrate.go:55.2,55.29 1 1
github.com/aether-arb/aether/internal/db/migrate.go:55.29,56.61 1 1
github.com/aether-arb/aether/internal/db/migrate.go:56.61,58.4 1 1
github.com/aether-arb/aether/internal/db/migrate.go:60.2,60.12 1 1
github.com/aether-arb/aether/internal/db/migrate.go:63.71,74.16 2 1
github.com/aether-arb/aether/internal/db/migrate.go:74.16,76.3 1 1
github.com/aether-arb/aether/internal/db/migrate.go:77.2,77.12 1 1
github.com/aether-arb/aether/internal/db/migrate.go:80.55,82.16 2 1
github.com/aether-arb/aether/internal/db/migrate.go:82.16,84.3 1 1
github.com/aether-arb/aether/internal/db/migrate.go:85.2,86.28 2 1
github.com/aether-arb/aether/internal/db/migrate.go:86.28,87.56 1 1
github.com/aether-arb/aether/internal/db/migrate.go:87.56,88.12 1 1
github.com/aether-arb/aether/internal/db/migrate.go:90.3,90.54 1 1
github.com/aether-arb/aether/internal/db/migrate.go:92.2,93.19 2 1
github.com/aether-arb/aether/internal/db/migrate.go:96.81,99.14 3 1
github.com/aether-arb/aether/internal/db/migrate.go:99.14,101.3 1 1
github.com/aether-arb/aether/internal/db/migrate.go:102.2,103.16 2 1
github.com/aether-arb/aether/internal/db/migrate.go:103.16,105.3 1 0
github.com/aether-arb/aether/internal/db/migrate.go:107.2,111.31 2 1
github.com/aether-arb/aether/internal/db/migrate.go:111.31,113.3 1 1
github.com/aether-arb/aether/internal/db/migrate.go:114.2,114.13 1 1
github.com/aether-arb/aether/internal/db/migrate.go:114.13,116.3 1 1
github.com/aether-arb/aether/internal/db/migrate.go:118.2,119.16 2 1
github.com/aether-arb/aether/internal/db/migrate.go:119.16,121.3 1 1
github.com/aether-arb/aether/internal/db/migrate.go:122.2,126.56 4 1
github.com/aether-arb/aether/internal/db/migrate.go:126.56,128.3 1 1
github.com/aether-arb/aether/internal/db/migrate.go:129.2,140.16 3 1
github.com/aether-arb/aether/internal/db/migrate.go:140.16,142.3 1 0
github.com/aether-arb/aether/internal/db/migrate.go:143.2,143.12 1 1
github.com/aether-arb/aether/internal/db/timescale.go:78.41,79.32 1 1
github.com/aether-arb/aether/internal/db/timescale.go:79.32,82.3 1 1
github.com/aether-arb/aether/internal/db/timescale.go:83.2,83.27 1 1
github.com/aether-arb/aether/internal/db/timescale.go:86.41,86.42 0 1
github.com/aether-arb/aether/internal/db/timescale.go:87.41,87.42 0 1
github.com/aether-arb/aether/internal/db/timescale.go:109.90,111.16 2 1
github.com/aether-arb/aether/internal/db/timescale.go:111.16,113.3 1 1
github.com/aether-arb/aether/internal/db/timescale.go:114.2,120.16 6 1
github.com/aether-arb/aether/internal/db/timescale.go:120.16,122.3 1 0
github.com/aether-arb/aether/internal/db/timescale.go:123.2,123.46 1 1
github.com/aether-arb/aether/internal/db/timescale.go:123.46,126.3 2 1
github.com/aether-arb/aether/internal/db/timescale.go:131.2,145.15 6 1
github.com/aether-arb/aether/internal/db/timescale.go:150.43,151.18 1 1
github.com/aether-arb/aether/internal/db/timescale.go:151.18,153.3 1 1
github.com/aether-arb/aether/internal/db/timescale.go:154.2,154.21 1 1
github.com/aether-arb/aether/internal/db/timescale.go:154.21,156.3 1 1
github.com/aether-arb/aether/internal/db/timescale.go:157.2,157.9 1 1
github.com/aether-arb/aether/internal/db/timescale.go:158.17,158.17 0 1
github.com/aether-arb/aether/internal/db/timescale.go:159.10,160.19 1 1
github.com/aether-arb/aether/internal/db/timescale.go:167.58,169.2 1 1
github.com/aether-arb/aether/internal/db/timescale.go:171.34,174.12 3 1
github.com/aether-arb/aether/internal/db/timescale.go:174.12,177.3 2 1
github.com/aether-arb/aether/internal/db/timescale.go:178.2,178.9 1 1
github.com/aether-arb/aether/internal/db/timescale.go:179.14,179.14 0 1
github.com/aether-arb/aether/internal/db/timescale.go:180.39,184.10 3 1
github.com/aether-arb/aether/internal/db/timescale.go:185.15,185.15 0 0
github.com/aether-arb/aether/internal/db/timescale.go:186.48,186.48 0 1
github.com/aether-arb/aether/internal/db/timescale.go:189.2,189.16 1 1
github.com/aether-arb/aether/internal/db/timescale.go:194.51,202.18 6 1
github.com/aether-arb/aether/internal/db/timescale.go:202.18,203.22 1 1
github.com/aether-arb/aether/internal/db/timescale.go:203.22,205.4 1 1
github.com/aether-arb/aether/internal/db/timescale.go:206.3,208.22 3 1
github.com/aether-arb/aether/internal/db/timescale.go:211.2,211.6 1 1
github.com/aether-arb/aether/internal/db/timescale.go:211.6,212.10 1 1
github.com/aether-arb/aether/internal/db/timescale.go:213.24,214.11 1 1
github.com/aether-arb/aether/internal/db/timescale.go:214.11,217.5 2 1
github.com/aether-arb/aether/internal/db/timescale.go:218.4,219.38 2 1
github.com/aether-arb/aether/internal/db/timescale.go:219.38,221.5 1 1
github.com/aether-arb/aether/internal/db/timescale.go:222.19,223.11 1 1
github.com/aether-arb/aether/internal/db/timescale.go:224.21,227.10 2 1
github.com/aether-arb/aether/internal/db/timescale.go:234.69,235.19 1 1
github.com/aether-arb/aether/internal/db/timescale.go:235.19,237.3 1 1
github.com/aether-arb/aether/internal/db/timescale.go:238.2,239.17 2 1
github.com/aether-arb/aether/internal/db/timescale.go:239.17,241.3 1 1
github.com/aether-arb/aether/internal/db/timescale.go:242.2,244.65 3 1
github.com/aether-arb/aether/internal/db/timescale.go:244.65,247.3 1 1
github.com/aether-arb/aether/internal/db/timescale.go:254.57,255.21 1 1
github.com/aether-arb/aether/internal/db/timescale.go:255.21,257.3 1 1
github.com/aether-arb/aether/internal/db/timescale.go:258.2,261.26 4 1
github.com/aether-arb/aether/internal/db/timescale.go:261.26,262.12 1 1
github.com/aether-arb/aether/internal/db/timescale.go:262.12,264.4 1 1
github.com/aether-arb/aether/internal/db/timescale.go:265.3,269.22 4 1
github.com/aether-arb/aether/internal/db/timescale.go:269.22,270.50 1 1
github.com/aether-arb/aether/internal/db/timescale.go:270.50,272.5 1 1
github.com/aether-arb/aether/internal/db/timescale.go:274.3,274.53 1 1
github.com/aether-arb/aether/internal/db/timescale.go:276.2,276.26 1 1
github.com/aether-arb/aether/internal/db/timescale.go:282.44,284.24 2 1
github.com/aether-arb/aether/internal/db/timescale.go:284.24,290.3 2 1
github.com/aether-arb/aether/internal/db/timescale.go:296.80,297.23 1 1
github.com/aether-arb/aether/internal/db/timescale.go:297.23,299.3 1 1
github.com/aether-arb/aether/internal/db/timescale.go:300.2,301.16 2 1
github.com/aether-arb/aether/internal/db/timescale.go:301.16,305.3 2 1
github.com/aether-arb/aether/internal/db/timescale.go:306.2,306.10 1 1
